<?xml version="1.0" encoding="UTF-8"?>
<!-- Generated by org.testng.reporters.JUnitXMLReporter -->
<testsuite hostname="PC-C02X50H9JGH8" ignored="2" name="Test" tests="10" failures="0" timestamp="2022-09-01T02:44:31 AEST" time="93.928" errors="0">
  <testcase name="AddCategoryToCart" time="9.916" classname="user.UserTestCases"/>
  <testcase name="E2ETestUser" time="16.626" classname="user.UserTestCases"/>
  <testcase name="ViewCategory" time="9.786" classname="user.UserTestCases"/>
  <testcase name="ListCategories" time="12.644" classname="user.UserTestCases"/>
  <testcase name="addProduct" time="6.947" classname="admin.adminTestCases"/>
  <testcase name="editProduct" time="8.175" classname="admin.adminTestCases"/>
  <testcase name="getViewCategory_antipyretic" time="1.481" classname="apiTest.GetAllProduct_testCases"/>
  <testcase name="getMostPurchasedProducts" time="0.026" classname="apiTest.Get_ViewCategory_testCase"/>
  <testcase name="getViewCategory_antipyretic" time="0.028" classname="apiTest.Get_MostViewedProducts_TestCases"/>
  <testcase name="getViewCategory_antipyretic" time="0.029" classname="apiTest.Get_MostPurchasedProducts_TestCases"/>
  <testcase name="@BeforeTest DataSetUP" time="0.0" classname="user.UserBaseClass">
    <ignored/>
  </testcase> <!-- @BeforeTest DataSetUP -->
  <testcase name="@AfterTest DataTearDown" time="0.0" classname="user.UserBaseClass">
    <ignored/>
  </testcase> <!-- @AfterTest DataTearDown -->
</testsuite> <!-- Test -->
