<?xml version="1.0" encoding="UTF-8"?>
<testng-results skipped="0" failed="0" ignored="2" total="12" passed="10">
  <reporter-output>
  </reporter-output>
  <suite name="Suite" duration-ms="93928" started-at="2022-09-01T02:42:57 AEST" finished-at="2022-09-01T02:44:31 AEST">
    <groups>
    </groups>
    <test name="Test" duration-ms="93928" started-at="2022-09-01T02:42:57 AEST" finished-at="2022-09-01T02:44:31 AEST">
      <class name="apiTest.GetAllProduct_testCases">
        <test-method status="PASS" signature="getViewCategory_antipyretic()[pri:0, instance:apiTest.GetAllProduct_testCases@77846d2c]" name="getViewCategory_antipyretic" duration-ms="1481" started-at="2022-09-01T02:44:29 AEST" finished-at="2022-09-01T02:44:31 AEST">
          <reporter-output>
          </reporter-output>
        </test-method> <!-- getViewCategory_antipyretic -->
      </class> <!-- apiTest.GetAllProduct_testCases -->
      <class name="apiTest.Get_MostPurchasedProducts_TestCases">
        <test-method status="PASS" signature="getViewCategory_antipyretic()[pri:0, instance:apiTest.Get_MostPurchasedProducts_TestCases@2641e737]" name="getViewCategory_antipyretic" duration-ms="29" started-at="2022-09-01T02:44:31 AEST" finished-at="2022-09-01T02:44:31 AEST">
          <reporter-output>
          </reporter-output>
        </test-method> <!-- getViewCategory_antipyretic -->
      </class> <!-- apiTest.Get_MostPurchasedProducts_TestCases -->
      <class name="admin.adminTestCases">
        <test-method status="PASS" signature="SetUp(java.lang.reflect.Method)[pri:0, instance:admin.adminTestCases@4cf4d528]" name="SetUp" is-config="true" duration-ms="3665" started-at="2022-09-01T02:44:05 AEST" finished-at="2022-09-01T02:44:09 AEST">
          <params>
            <param index="0">
              <value>
                <![CDATA[public void admin.adminTestCases.addProduct() throws java.lang.Throwable]]>
              </value>
            </param>
          </params>
          <reporter-output>
          </reporter-output>
        </test-method> <!-- SetUp -->
        <test-method status="PASS" signature="addProduct()[pri:0, instance:admin.adminTestCases@4cf4d528]" name="addProduct" duration-ms="6947" started-at="2022-09-01T02:44:09 AEST" finished-at="2022-09-01T02:44:16 AEST">
          <reporter-output>
          </reporter-output>
        </test-method> <!-- addProduct -->
        <test-method status="PASS" signature="TearDown()[pri:0, instance:admin.adminTestCases@4cf4d528]" name="TearDown" is-config="true" duration-ms="771" started-at="2022-09-01T02:44:16 AEST" finished-at="2022-09-01T02:44:16 AEST">
          <reporter-output>
          </reporter-output>
        </test-method> <!-- TearDown -->
        <test-method status="PASS" signature="SetUp(java.lang.reflect.Method)[pri:0, instance:admin.adminTestCases@4cf4d528]" name="SetUp" is-config="true" duration-ms="3525" started-at="2022-09-01T02:44:16 AEST" finished-at="2022-09-01T02:44:20 AEST">
          <params>
            <param index="0">
              <value>
                <![CDATA[public void admin.adminTestCases.editProduct() throws java.lang.Throwable]]>
              </value>
            </param>
          </params>
          <reporter-output>
          </reporter-output>
        </test-method> <!-- SetUp -->
        <test-method status="PASS" signature="editProduct()[pri:0, instance:admin.adminTestCases@4cf4d528]" name="editProduct" duration-ms="8175" started-at="2022-09-01T02:44:20 AEST" finished-at="2022-09-01T02:44:28 AEST">
          <reporter-output>
          </reporter-output>
        </test-method> <!-- editProduct -->
        <test-method status="PASS" signature="TearDown()[pri:0, instance:admin.adminTestCases@4cf4d528]" name="TearDown" is-config="true" duration-ms="1410" started-at="2022-09-01T02:44:28 AEST" finished-at="2022-09-01T02:44:29 AEST">
          <reporter-output>
          </reporter-output>
        </test-method> <!-- TearDown -->
      </class> <!-- admin.adminTestCases -->
      <class name="apiTest.Get_MostViewedProducts_TestCases">
        <test-method status="PASS" signature="getViewCategory_antipyretic()[pri:0, instance:apiTest.Get_MostViewedProducts_TestCases@4c762604]" name="getViewCategory_antipyretic" duration-ms="28" started-at="2022-09-01T02:44:31 AEST" finished-at="2022-09-01T02:44:31 AEST">
          <reporter-output>
          </reporter-output>
        </test-method> <!-- getViewCategory_antipyretic -->
      </class> <!-- apiTest.Get_MostViewedProducts_TestCases -->
      <class name="apiTest.Get_ViewCategory_testCase">
        <test-method status="PASS" signature="getMostPurchasedProducts()[pri:0, instance:apiTest.Get_ViewCategory_testCase@548ad73b]" name="getMostPurchasedProducts" duration-ms="26" started-at="2022-09-01T02:44:31 AEST" finished-at="2022-09-01T02:44:31 AEST">
          <reporter-output>
          </reporter-output>
        </test-method> <!-- getMostPurchasedProducts -->
      </class> <!-- apiTest.Get_ViewCategory_testCase -->
      <class name="user.UserTestCases">
        <test-method status="PASS" signature="DataSetUP()[pri:0, instance:user.UserTestCases@954b04f]" name="DataSetUP" is-config="true" duration-ms="93" started-at="2022-09-01T02:42:57 AEST" finished-at="2022-09-01T02:42:57 AEST">
          <reporter-output>
          </reporter-output>
        </test-method> <!-- DataSetUP -->
        <test-method status="PASS" signature="SetUp(java.lang.reflect.Method)[pri:0, instance:user.UserTestCases@954b04f]" name="SetUp" is-config="true" duration-ms="4367" started-at="2022-09-01T02:42:57 AEST" finished-at="2022-09-01T02:43:02 AEST">
          <params>
            <param index="0">
              <value>
                <![CDATA[public void user.UserTestCases.AddCategoryToCart() throws java.lang.Throwable]]>
              </value>
            </param>
          </params>
          <reporter-output>
          </reporter-output>
        </test-method> <!-- SetUp -->
        <test-method status="PASS" signature="AddCategoryToCart()[pri:0, instance:user.UserTestCases@954b04f]" name="AddCategoryToCart" duration-ms="9916" started-at="2022-09-01T02:43:02 AEST" finished-at="2022-09-01T02:43:12 AEST">
          <reporter-output>
          </reporter-output>
        </test-method> <!-- AddCategoryToCart -->
        <test-method status="PASS" signature="TearDown()[pri:0, instance:user.UserTestCases@954b04f]" name="TearDown" is-config="true" duration-ms="714" started-at="2022-09-01T02:43:12 AEST" finished-at="2022-09-01T02:43:12 AEST">
          <reporter-output>
          </reporter-output>
        </test-method> <!-- TearDown -->
        <test-method status="PASS" signature="SetUp(java.lang.reflect.Method)[pri:0, instance:user.UserTestCases@954b04f]" name="SetUp" is-config="true" duration-ms="3726" started-at="2022-09-01T02:43:12 AEST" finished-at="2022-09-01T02:43:16 AEST">
          <params>
            <param index="0">
              <value>
                <![CDATA[public void user.UserTestCases.E2ETestUser() throws java.lang.Throwable]]>
              </value>
            </param>
          </params>
          <reporter-output>
          </reporter-output>
        </test-method> <!-- SetUp -->
        <test-method status="PASS" signature="E2ETestUser()[pri:0, instance:user.UserTestCases@954b04f]" name="E2ETestUser" duration-ms="16626" started-at="2022-09-01T02:43:16 AEST" finished-at="2022-09-01T02:43:33 AEST">
          <reporter-output>
          </reporter-output>
        </test-method> <!-- E2ETestUser -->
        <test-method status="PASS" signature="TearDown()[pri:0, instance:user.UserTestCases@954b04f]" name="TearDown" is-config="true" duration-ms="689" started-at="2022-09-01T02:43:33 AEST" finished-at="2022-09-01T02:43:34 AEST">
          <reporter-output>
          </reporter-output>
        </test-method> <!-- TearDown -->
        <test-method status="PASS" signature="SetUp(java.lang.reflect.Method)[pri:0, instance:user.UserTestCases@954b04f]" name="SetUp" is-config="true" duration-ms="3745" started-at="2022-09-01T02:43:34 AEST" finished-at="2022-09-01T02:43:37 AEST">
          <params>
            <param index="0">
              <value>
                <![CDATA[public void user.UserTestCases.ViewCategory() throws java.lang.Throwable]]>
              </value>
            </param>
          </params>
          <reporter-output>
          </reporter-output>
        </test-method> <!-- SetUp -->
        <test-method status="PASS" signature="ViewCategory()[pri:0, instance:user.UserTestCases@954b04f]" name="ViewCategory" duration-ms="9786" started-at="2022-09-01T02:43:37 AEST" finished-at="2022-09-01T02:43:47 AEST">
          <reporter-output>
          </reporter-output>
        </test-method> <!-- ViewCategory -->
        <test-method status="PASS" signature="TearDown()[pri:0, instance:user.UserTestCases@954b04f]" name="TearDown" is-config="true" duration-ms="722" started-at="2022-09-01T02:43:47 AEST" finished-at="2022-09-01T02:43:48 AEST">
          <reporter-output>
          </reporter-output>
        </test-method> <!-- TearDown -->
        <test-method status="PASS" signature="SetUp(java.lang.reflect.Method)[pri:0, instance:user.UserTestCases@954b04f]" name="SetUp" is-config="true" duration-ms="3874" started-at="2022-09-01T02:43:48 AEST" finished-at="2022-09-01T02:43:52 AEST">
          <params>
            <param index="0">
              <value>
                <![CDATA[public void user.UserTestCases.ListCategories() throws java.lang.Throwable]]>
              </value>
            </param>
          </params>
          <reporter-output>
          </reporter-output>
        </test-method> <!-- SetUp -->
        <test-method status="PASS" signature="ListCategories()[pri:1, instance:user.UserTestCases@954b04f]" name="ListCategories" duration-ms="12644" started-at="2022-09-01T02:43:52 AEST" finished-at="2022-09-01T02:44:04 AEST">
          <reporter-output>
          </reporter-output>
        </test-method> <!-- ListCategories -->
        <test-method status="PASS" signature="TearDown()[pri:0, instance:user.UserTestCases@954b04f]" name="TearDown" is-config="true" duration-ms="714" started-at="2022-09-01T02:44:04 AEST" finished-at="2022-09-01T02:44:05 AEST">
          <reporter-output>
          </reporter-output>
        </test-method> <!-- TearDown -->
        <test-method status="PASS" signature="DataTearDown()[pri:0, instance:user.UserTestCases@954b04f]" name="DataTearDown" is-config="true" duration-ms="209" started-at="2022-09-01T02:44:31 AEST" finished-at="2022-09-01T02:44:31 AEST">
          <reporter-output>
          </reporter-output>
        </test-method> <!-- DataTearDown -->
      </class> <!-- user.UserTestCases -->
    </test> <!-- Test -->
  </suite> <!-- Suite -->
</testng-results>
